<?xml version="1.0" encoding="UTF-8"?>
<beans xmlns="http://www.springframework.org/schema/beans"
	   xmlns:xsi="http://www.w3.org/2001/XMLSchema-instance"

	   xmlns:tx="http://www.springframework.org/schema/tx" xmlns:context="http://www.springframework.org/schema/context"
	   xsi:schemaLocation="http://www.springframework.org/schema/beans
						http://www.springframework.org/schema/beans/spring-beans-4.2.xsd
						http://www.springframework.org/schema/tx
						http://www.springframework.org/schema/tx/spring-tx-4.2.xsd http://www.springframework.org/schema/context http://www.springframework.org/schema/context/spring-context.xsd">

	<import resource="classpath:test-hibernateContext.xml" />


	<tx:annotation-driven transaction-manager="transactionManager" />
	


	<!--Se indican quÃ© paquetes debe escanear Spring al levantar el contexto para encontrar componentes, -->
	<!--esto es clases anotadas como @Controller, @Service o @Repository-->
	<context:component-scan base-package="ar.edu.unlam.tallerweb1.controladores" />
	<context:component-scan base-package="ar.edu.unlam.tallerweb1.repositorios" />
	<context:component-scan base-package="ar.edu.unlam.tallerweb1.servicios" />


</beans>

